<?xml version="1.0" encoding="UTF-8"?>
<!-- Generated by org.testng.reporters.JUnitXMLReporter -->
<testsuite ignored="0" hostname="VIJAY" failures="0" tests="3" name="Default test" time="3.082" errors="0" timestamp="2023-11-10T18:15:22 IST">
  <testcase classname="steps.LessonEndProject" name="user_send_a_post_request_to_create_a_user_and_validates_status" time="1.781"/>
  <testcase classname="steps.LessonEndProject" name="user_sends_a_get_request_to_get_a_user_and_validates_status" time="0.26"/>
  <testcase classname="steps.LessonEndProject" name="user_sends_a_get_request_to_get_list_of_users_and_validates_status" time="0.991"/>
</testsuite> <!-- Default test -->
