<?xml version="1.0" encoding="UTF-8"?>
<testng-results ignored="0" total="3" passed="3" failed="0" skipped="0">
  <reporter-output>
  </reporter-output>
  <suite started-at="2023-11-10T18:15:19 IST" name="Default suite" finished-at="2023-11-10T18:15:22 IST" duration-ms="3082">
    <groups>
    </groups>
    <test started-at="2023-11-10T18:15:19 IST" name="Default test" finished-at="2023-11-10T18:15:22 IST" duration-ms="3082">
      <class name="steps.LessonEndProject">
        <test-method signature="user_send_a_post_request_to_create_a_user_and_validates_status()[pri:0, instance:steps.LessonEndProject@3ee37e5a]" started-at="2023-11-10T18:15:19 IST" name="user_send_a_post_request_to_create_a_user_and_validates_status" finished-at="2023-11-10T18:15:21 IST" duration-ms="1781" status="PASS">
          <reporter-output>
          </reporter-output>
        </test-method> <!-- user_send_a_post_request_to_create_a_user_and_validates_status -->
        <test-method signature="user_sends_a_get_request_to_get_a_user_and_validates_status()[pri:0, instance:steps.LessonEndProject@3ee37e5a]" started-at="2023-11-10T18:15:21 IST" name="user_sends_a_get_request_to_get_a_user_and_validates_status" finished-at="2023-11-10T18:15:21 IST" duration-ms="260" status="PASS">
          <reporter-output>
          </reporter-output>
        </test-method> <!-- user_sends_a_get_request_to_get_a_user_and_validates_status -->
        <test-method signature="user_sends_a_get_request_to_get_list_of_users_and_validates_status()[pri:0, instance:steps.LessonEndProject@3ee37e5a]" started-at="2023-11-10T18:15:21 IST" name="user_sends_a_get_request_to_get_list_of_users_and_validates_status" finished-at="2023-11-10T18:15:22 IST" duration-ms="991" status="PASS">
          <reporter-output>
          </reporter-output>
        </test-method> <!-- user_sends_a_get_request_to_get_list_of_users_and_validates_status -->
      </class> <!-- steps.LessonEndProject -->
    </test> <!-- Default test -->
  </suite> <!-- Default suite -->
</testng-results>
